Arguments: 
  C:\Program Files\nodejs\node.exe C:\Program Files (x86)\Yarn\bin\yarn.js add class-transform

PATH: 
  C:\Users\dougl\bin;C:\Program Files\Git\mingw64\bin;C:\Program Files\Git\usr\local\bin;C:\Program Files\Git\usr\bin;C:\Program Files\Git\usr\bin;C:\Program Files\Git\mingw64\bin;C:\Program Files\Git\usr\bin;C:\Users\dougl\bin;${RTOOLS40_HOME}\usr\bin;${PATH};C:\Program Files\Microsoft SQL Server\Client SDK\ODBC\130\Tools\Binn;C:\Program Files\Microsoft SQL Server\140\DTS\Binn;C:\Program Files\MongoDB\Server\4.4\bin;C:\Program Files (x86)\Yarn\bin;C:\Program Files\nodejs;C:\Ruby26-x64\bin;C:\Users\dougl\AppData\Local\Microsoft\WindowsApps;C:\Users\dougl\AppData\Roaming\Composer\vendor\bin;C:\Users\dougl\AppData\Local\Programs\Microsoft VS Code\bin;C:\Android\sdk\platform-tools;C:\Android\sdk\tools;C:\Program Files\Docker Toolbox;C:\Program Files\heroku\bin;C:\Users\dougl\AppData\Roaming\nvm;C:\Program Files\nodejs;C:\Users\dougl\AppData\Local\GitHubDesktop\bin;C:\Users\dougl\AppData\Local\Yarn\bin;C:\Users\dougl\AppData\Roaming\npm;C:\Program Files\Git\usr\bin\vendor_perl;C:\Program Files\Git\usr\bin\core_perl

Yarn version: 
  1.22.15

Node version: 
  16.13.2

Platform: 
  win32 x64

Trace: 
  Error: https://registry.yarnpkg.com/class-transform: Not found
      at Request.params.callback [as _callback] (C:\Program Files (x86)\Yarn\lib\cli.js:66140:18)
      at Request.self.callback (C:\Program Files (x86)\Yarn\lib\cli.js:140885:22)
      at Request.emit (node:events:390:28)
      at Request.<anonymous> (C:\Program Files (x86)\Yarn\lib\cli.js:141857:10)
      at Request.emit (node:events:390:28)
      at IncomingMessage.<anonymous> (C:\Program Files (x86)\Yarn\lib\cli.js:141779:12)
      at Object.onceWrapper (node:events:509:28)
      at IncomingMessage.emit (node:events:402:35)
      at endReadableNT (node:internal/streams/readable:1343:12)
      at processTicksAndRejections (node:internal/process/task_queues:83:21)

npm manifest: 
  {
    "name": "valoriza",
    "version": "1.0.0",
    "main": "index.js",
    "license": "MIT",
    "scripts": {
      "dev": "ts-node-dev src/server.ts",
      "typeorm": "ts-node-dev ./node_modules/typeorm/cli.js"
    },
    "devDependencies": {
      "@types/bcryptjs": "^2.4.2",
      "@types/cors": "^2.8.10",
      "@types/express": "^4.17.13",
      "@types/jsonwebtoken": "^8.5.8",
      "@types/uuid": "^8.3.4",
      "ts-node-dev": "^1.1.8",
      "typescript": "^4.3.3"
    },
    "dependencies": {
      "bcryptjs": "^2.4.3",
      "class-transformer": "^0.5.1",
      "cors": "^2.8.5",
      "express": "^4.17.3",
      "express-async-errors": "^3.1.1",
      "jsonwebtoken": "^8.5.1",
      "reflect-metadata": "^0.1.13",
      "sqlite3": "^5.0.2",
      "typeorm": "^0.2.43",
      "uuid": "^8.3.2"
    }
  }

yarn manifest: 
  No manifest

Lockfile: 
  No lockfile
